[2025-11-20T16:25:28.551Z] [PASSWORD RESET] Request received for email: "detienne@felpham.org.uk"
[2025-11-20T16:25:28.553Z] [PASSWORD RESET] Checking if user exists in Supabase...
[2025-11-20T16:25:28.692Z] [PASSWORD RESET] User found:
[2025-11-20T16:25:28.693Z] [PASSWORD RESET] User not found, returning success anyway
[2025-11-20T16:27:03.697Z] [PASSWORD RESET] Request received for email: "detienne@felpham.org.uk"
[2025-11-20T16:27:03.699Z] [PASSWORD RESET] Checking if user exists in Supabase...
[2025-11-20T16:27:03.699Z] [PASSWORD RESET] Exception getting user: {}
[2025-11-20T16:27:03.699Z] [PASSWORD RESET] User found:
[2025-11-20T16:27:03.699Z] [PASSWORD RESET] User not found, returning success anyway
[2025-11-20T16:27:36.968Z] [PASSWORD RESET] Request received for email: "detienne@felpham.org.uk"
[2025-11-20T16:27:36.970Z] [PASSWORD RESET] Generating reset link for email: "detienne@felpham.org.uk"
[2025-11-20T16:27:37.297Z] [PASSWORD RESET] Reset link generated successfully
[2025-11-20T16:27:37.298Z] [PASSWORD RESET] BREVO_API_KEY exists: true
[2025-11-20T16:27:37.298Z] [PASSWORD RESET] Reset URL generated: true
[2025-11-20T16:27:37.390Z] [PASSWORD RESET] Sending email via Brevo to: "detienne@felpham.org.uk"
[2025-11-20T16:27:37.391Z] [PASSWORD RESET] Reset URL: "https://xetsvpfunazwkontdpdh.supabase.co/auth/v1/verify?token=d15ca41372e4eb94a8ef490e3ee828991d238ac3a1fa82b10dfab330&type=recovery&redirect_to=https://www.languagegems.com/auth/reset-password"
[2025-11-20T16:27:37.531Z] [PASSWORD RESET] Brevo response SUCCESS: {"messageId":"<202511201627.60148364176@smtp-relay.mailin.fr>"}
[2025-11-20T16:33:12.853Z] [PASSWORD RESET] Request received for email: "detienne@felpham.org.uk"
[2025-11-20T16:33:12.854Z] [PASSWORD RESET] Generating reset link for email: "detienne@felpham.org.uk"
[2025-11-20T16:33:12.996Z] [PASSWORD RESET] Reset link generated successfully
[2025-11-20T16:33:12.996Z] [PASSWORD RESET] BREVO_API_KEY exists: true
[2025-11-20T16:33:12.996Z] [PASSWORD RESET] Reset URL generated: true
[2025-11-20T16:33:13.058Z] [PASSWORD RESET] Sending email via Brevo to: "detienne@felpham.org.uk"
[2025-11-20T16:33:13.059Z] [PASSWORD RESET] Reset URL: "https://xetsvpfunazwkontdpdh.supabase.co/auth/v1/verify?token=3bdefbe2f40c508a6c1863938031bb37638863f58f1a69152ffe7897&type=recovery&redirect_to=https://www.languagegems.com/auth/reset-password"
[2025-11-20T16:33:13.364Z] [PASSWORD RESET] Brevo response SUCCESS: {"messageId":"<202511201633.83553374734@smtp-relay.mailin.fr>"}
[2025-11-20T16:36:46.216Z] [PASSWORD RESET] Request received for email: "detienne@felpham.org.uk"
[2025-11-20T16:36:46.217Z] [PASSWORD RESET] Sending password reset email via Supabase...
[2025-11-20T16:36:46.910Z] [PASSWORD RESET] Supabase password reset email sent successfully
